*** Using Compiler 'V5.06 update 7 (build 960)', folder: 'C:\Keil_v5\ARM\ARM_Compiler_5.06u7\Bin'
Rebuild target 'STM32F407VGT6_Bootloader'
assembling startup_stm32f407xx.s...
compiling main.c...
compiling tim.c...
compiling system_stm32f4xx.c...
compiling menu.c...
compiling gpio.c...
compiling stm32f4xx_hal_msp.c...
compiling led.c...
compiling stm32f4xx_hal_tim_ex.c...
compiling common.c...
compiling stm32f4xx_it.c...
compiling flash_if.c...
compiling stm32f4xx_hal_rcc.c...
compiling stm32f4xx_hal_flash_ramfunc.c...
compiling stm32f4xx_hal_rcc_ex.c...
compiling stm32f4xx_hal_flash_ex.c...
compiling stm32f4xx_hal_flash.c...
compiling ymodem.c...
compiling usart.c...
compiling stm32f4xx_hal_gpio.c...
compiling stm32f4xx_hal_dma.c...
compiling stm32f4xx_hal_dma_ex.c...
compiling stm32f4xx_hal_tim.c...
compiling stm32f4xx_hal_pwr_ex.c...
compiling stm32f4xx_hal_pwr.c...
compiling stm32f4xx_hal_exti.c...
compiling stm32f4xx_hal.c...
compiling stm32f4xx_hal_cortex.c...
compiling stm32f4xx_hal_uart.c...
linking...
Program Size: Code=12742 RO-data=914 RW-data=68 ZI-data=2948  
FromELF: creating hex file...
"STM32F407VGT6_Bootloader\STM32F407VGT6_Bootloader.axf" - 0 Error(s), 0 Warning(s).
Build Time Elapsed:  00:00:04
